<?xml version="1.0" encoding="UTF-8"?>
<!-- Generated by org.testng.reporters.JUnitReportReporter -->
<testsuite hostname="DESKTOP-0JU52NV" failures="0" tests="2" name="TestNGOrder" time="9.680" errors="0" timestamp="2021-10-09T09:53:30 IST" skipped="0">
  <testcase classname="TestNGOrder" name="testGoogle1" time="5.734"/>
  <system-out/>
  <testcase classname="TestNGOrder" name="testGoogle2" time="3.946"/>
  <system-out/>
</testsuite> <!-- TestNGOrder -->
