<?xml version="1.0" encoding="UTF-8"?>
<!-- Generated by org.testng.reporters.JUnitReportReporter -->
<testsuite hostname="DESKTOP-0JU52NV" failures="0" tests="6" name="TestGroups" time="0.008" errors="0" timestamp="2021-10-09T09:53:30 IST" skipped="0">
  <testcase classname="TestGroups" name="test" time="0.003"/>
  <system-out/>
  <testcase classname="TestGroups" name="test1" time="0.000"/>
  <system-out/>
  <testcase classname="TestGroups" name="test5" time="0.000"/>
  <system-out/>
  <testcase classname="TestGroups" name="test2" time="0.002"/>
  <system-out/>
  <testcase classname="TestGroups" name="test3" time="0.002"/>
  <system-out/>
  <testcase classname="TestGroups" name="test4" time="0.001"/>
  <system-out/>
</testsuite> <!-- TestGroups -->
