<?xml version="1.0" encoding="UTF-8"?>
<!-- Generated by org.testng.reporters.JUnitReportReporter -->
<testsuite hostname="DESKTOP-0JU52NV" failures="0" tests="2" name="TestNgDemo" time="0.004" errors="0" timestamp="2021-10-09T09:53:30 IST" skipped="0">
  <testcase classname="TestNgDemo" name="test" time="0.002"/>
  <system-out/>
  <testcase classname="TestNgDemo" name="test1" time="0.002"/>
  <system-out/>
</testsuite> <!-- TestNgDemo -->
